<?xml version="1.0" encoding="UTF-8"?>
<testng-results ignored="0" total="1" passed="1" failed="0" skipped="0">
  <reporter-output>
  </reporter-output>
  <suite started-at="2025-01-14T17:13:59 IST" name="Default suite" finished-at="2025-01-14T17:14:05 IST" duration-ms="6413">
    <groups>
    </groups>
    <test started-at="2025-01-14T17:13:59 IST" name="Default test" finished-at="2025-01-14T17:14:05 IST" duration-ms="6413">
      <class name="com.xalts.testCases.signUpPage_Test">
        <test-method is-config="true" signature="loadconfig()[pri:0, instance:com.xalts.testCases.signUpPage_Test@443118b0]" started-at="2025-01-14T17:13:59 IST" name="loadconfig" finished-at="2025-01-14T17:13:59 IST" duration-ms="24" status="PASS">
          <reporter-output>
          </reporter-output>
        </test-method> <!-- loadconfig -->
        <test-method is-config="true" signature="setup()[pri:0, instance:com.xalts.testCases.signUpPage_Test@443118b0]" started-at="2025-01-14T17:13:59 IST" name="setup" finished-at="2025-01-14T17:14:04 IST" duration-ms="4703" status="PASS">
          <reporter-output>
          </reporter-output>
        </test-method> <!-- setup -->
        <test-method signature="Test()[pri:0, instance:com.xalts.testCases.signUpPage_Test@443118b0]" started-at="2025-01-14T17:14:04 IST" name="Test" finished-at="2025-01-14T17:14:05 IST" duration-ms="1391" status="PASS">
          <reporter-output>
          </reporter-output>
        </test-method> <!-- Test -->
        <test-method is-config="true" signature="teardown()[pri:0, instance:com.xalts.testCases.signUpPage_Test@443118b0]" started-at="2025-01-14T17:14:05 IST" name="teardown" finished-at="2025-01-14T17:14:05 IST" duration-ms="248" status="PASS">
          <reporter-output>
          </reporter-output>
        </test-method> <!-- teardown -->
      </class> <!-- com.xalts.testCases.signUpPage_Test -->
    </test> <!-- Default test -->
  </suite> <!-- Default suite -->
</testng-results>
